<!DOCTYPE html PUBLIC "-//W3C//DTD XHTML 1.1//EN" "http://www.w3.org/TR/xhtml11/DTD/xhtml11.dtd">
<html xmlns="http://www.w3.org/1999/xhtml"><head><title>TestNG Report</title><style type="text/css">table {margin-bottom:10px;border-collapse:collapse;empty-cells:show}th,td {border:1px solid #009;padding:.25em .5em}th {vertical-align:bottom}td {vertical-align:top}table a {font-weight:bold}.stripe td {background-color: #E6EBF9}.num {text-align:right}.passedodd td {background-color: #3F3}.passedeven td {background-color: #0A0}.skippedodd td {background-color: #DDD}.skippedeven td {background-color: #CCC}.failedodd td,.attn {background-color: #F33}.failedeven td,.stripe .attn {background-color: #D00}.stacktrace {white-space:pre;font-family:monospace}.totop {font-size:85%;text-align:center;border-bottom:2px solid #000}</style></head><body><table><tr><th>Test</th><th># Passed</th><th># Skipped</th><th># Failed</th><th>Time (ms)</th><th>Included Groups</th><th>Excluded Groups</th></tr><tr><th colspan="7">Default suite</th></tr><tr><td><a href="#t0">Default test</a></td><td class="num">6</td><td class="num">0</td><td class="num attn">2</td><td class="num">398,728</td><td></td><td></td></tr></table><table><thead><tr><th>Class</th><th>Method</th><th>Start</th><th>Time (ms)</th></tr></thead><tbody><tr><th colspan="4">Default suite</th></tr></tbody><tbody id="t0"><tr><th colspan="4">Default test &#8212; failed</th></tr><tr class="failedeven"><td rowspan="2">org.ieee.collabratec.tests.ManualAddPublicationTest</td><td><a href="#m0">Step_007_VerifyPublicationsUnderLibrary</a></td><td rowspan="1">1535525646420</td><td rowspan="1">125892</td></tr><tr class="failedeven"><td><a href="#m1">Step_008_VerifyPublicationsUnderMyPublications</a></td><td rowspan="1">1535525776282</td><td rowspan="1">120354</td></tr><tr><th colspan="4">Default test &#8212; passed</th></tr><tr class="passedeven"><td rowspan="6">org.ieee.collabratec.tests.ManualAddPublicationTest</td><td><a href="#m2">Step_001_LaunchCollabratecSignInPage</a></td><td rowspan="1">1535525519125</td><td rowspan="1">16726</td></tr><tr class="passedeven"><td><a href="#m3">Step_002_SignInToUser</a></td><td rowspan="1">1535525535863</td><td rowspan="1">57371</td></tr><tr class="passedeven"><td><a href="#m4">Step_003_NavigateToAddPublication</a></td><td rowspan="1">1535525593239</td><td rowspan="1">18662</td></tr><tr class="passedeven"><td><a href="#m5">Step_004_AddandVerifyJournalPublication</a></td><td rowspan="1">1535525611906</td><td rowspan="1">7762</td></tr><tr class="passedeven"><td><a href="#m6">Step_005_AddandVerifyConferencePublication</a></td><td rowspan="1">1535525619673</td><td rowspan="1">13213</td></tr><tr class="passedeven"><td><a href="#m7">Step_006_EditAndVerifyJournalPublication</a></td><td rowspan="1">1535525632894</td><td rowspan="1">13525</td></tr></tbody></table><h2>Default test</h2><h3 id="m0">org.ieee.collabratec.tests.ManualAddPublicationTest#Step_007_VerifyPublicationsUnderLibrary</h3><table class="result"><tr><th>Messages</th></tr><tr><td><div class="messages">Clicked element [[ChromeDriver: chrome on XP (a2a61bea2ccea93782120d45b6ae6c38)] -&amp;gt; xpath: //span[contains(text(),&apos;Library&apos;)]]<br/>Clicked element [[ChromeDriver: chrome on XP (a2a61bea2ccea93782120d45b6ae6c38)] -&amp;gt; css selector: ul.nav.nav-tabs li.chardinjs-library-settings.bg-white.chardinjs-show-element]<br/>Clicked element [[ChromeDriver: chrome on XP (a2a61bea2ccea93782120d45b6ae6c38)] -&amp;gt; css selector: ul.nav.nav-tabs&amp;gt;li&amp;gt;a]</div></td></tr><tr><th>Exception</th></tr><tr><td><div class="stacktrace">org.openqa.selenium.TimeoutException: Expected condition failed: waiting for visibility of all [] (tried for 60 second(s) with 500 milliseconds interval)
Build info: version: &apos;3.11.0&apos;, revision: &apos;e59cfb3&apos;, time: &apos;2018-03-11T20:26:55.152Z&apos;
System info: host: &apos;ACLA048P2850&apos;, ip: &apos;10.0.15.35&apos;, os.name: &apos;Windows 10&apos;, os.arch: &apos;amd64&apos;, os.version: &apos;10.0&apos;, java.version: &apos;1.8.0_161&apos;
Driver info: org.openqa.selenium.support.events.EventFiringWebDriver
Capabilities {acceptInsecureCerts: false, acceptSslCerts: false, applicationCacheEnabled: false, browserConnectionEnabled: false, browserName: chrome, chrome: {chromedriverVersion: 2.40.565498 (ea082db3280dd6..., userDataDir: C:\Users\TUSHAR~1\AppData\L...}, cssSelectorsEnabled: true, databaseEnabled: false, handlesAlerts: true, hasTouchScreen: false, javascriptEnabled: true, locationContextEnabled: true, mobileEmulationEnabled: false, nativeEvents: true, networkConnectionEnabled: false, pageLoadStrategy: normal, platform: XP, platformName: XP, rotatable: false, setWindowRect: true, takesHeapSnapshot: true, takesScreenshot: true, unexpectedAlertBehaviour: , unhandledPromptBehavior: , version: 68.0.3440.106, webStorageEnabled: true}
Session ID: a2a61bea2ccea93782120d45b6ae6c38
	at org.openqa.selenium.support.ui.WebDriverWait.timeoutException(WebDriverWait.java:81)
	at org.openqa.selenium.support.ui.FluentWait.until(FluentWait.java:271)
	at org.ieee.collabratec.utils.SeleniumWait.waitForElementsToBeVisible(SeleniumWait.java:66)
	at org.ieee.collabratec.getpageobjects.GetPage.elements(GetPage.java:152)
	at org.ieee.collabratec.getpageobjects.GetPage.elements(GetPage.java:160)
	at org.ieee.collabratec.keywords.LibraryPageActions.getDocumentTitles(LibraryPageActions.java:32)
	at org.ieee.collabratec.tests.ManualAddPublicationTest.Step_007_VerifyPublicationsUnderLibrary(ManualAddPublicationTest.java:96)
	at sun.reflect.NativeMethodAccessorImpl.invoke0(Native Method)
	at sun.reflect.NativeMethodAccessorImpl.invoke(Unknown Source)
	at sun.reflect.DelegatingMethodAccessorImpl.invoke(Unknown Source)
	at java.lang.reflect.Method.invoke(Unknown Source)
	at org.testng.internal.MethodInvocationHelper.invokeMethod(MethodInvocationHelper.java:86)
	at org.testng.internal.Invoker.invokeMethod(Invoker.java:643)
	at org.testng.internal.Invoker.invokeTestMethod(Invoker.java:820)
	at org.testng.internal.Invoker.invokeTestMethods(Invoker.java:1128)
	at org.testng.internal.TestMethodWorker.invokeTestMethods(TestMethodWorker.java:129)
	at org.testng.internal.TestMethodWorker.run(TestMethodWorker.java:112)
	at org.testng.TestRunner.privateRun(TestRunner.java:782)
	at org.testng.TestRunner.run(TestRunner.java:632)
	at org.testng.SuiteRunner.runTest(SuiteRunner.java:366)
	at org.testng.SuiteRunner.runSequentially(SuiteRunner.java:361)
	at org.testng.SuiteRunner.privateRun(SuiteRunner.java:319)
	at org.testng.SuiteRunner.run(SuiteRunner.java:268)
	at org.testng.SuiteRunnerWorker.runSuite(SuiteRunnerWorker.java:52)
	at org.testng.SuiteRunnerWorker.run(SuiteRunnerWorker.java:86)
	at org.testng.TestNG.runSuitesSequentially(TestNG.java:1244)
	at org.testng.TestNG.runSuitesLocally(TestNG.java:1169)
	at org.testng.TestNG.run(TestNG.java:1064)
	at org.testng.remote.AbstractRemoteTestNG.run(AbstractRemoteTestNG.java:114)
	at org.testng.remote.RemoteTestNG.initAndRun(RemoteTestNG.java:251)
	at org.testng.remote.RemoteTestNG.main(RemoteTestNG.java:77)
</div></td></tr></table><p class="totop"><a href="#summary">back to summary</a></p><h3 id="m1">org.ieee.collabratec.tests.ManualAddPublicationTest#Step_008_VerifyPublicationsUnderMyPublications</h3><table class="result"><tr><th>Exception</th></tr><tr><td><div class="stacktrace">org.openqa.selenium.TimeoutException: Expected condition failed: waiting for visibility of all [] (tried for 60 second(s) with 500 milliseconds interval)
Build info: version: &apos;3.11.0&apos;, revision: &apos;e59cfb3&apos;, time: &apos;2018-03-11T20:26:55.152Z&apos;
System info: host: &apos;ACLA048P2850&apos;, ip: &apos;10.0.15.35&apos;, os.name: &apos;Windows 10&apos;, os.arch: &apos;amd64&apos;, os.version: &apos;10.0&apos;, java.version: &apos;1.8.0_161&apos;
Driver info: org.openqa.selenium.support.events.EventFiringWebDriver
Capabilities {acceptInsecureCerts: false, acceptSslCerts: false, applicationCacheEnabled: false, browserConnectionEnabled: false, browserName: chrome, chrome: {chromedriverVersion: 2.40.565498 (ea082db3280dd6..., userDataDir: C:\Users\TUSHAR~1\AppData\L...}, cssSelectorsEnabled: true, databaseEnabled: false, handlesAlerts: true, hasTouchScreen: false, javascriptEnabled: true, locationContextEnabled: true, mobileEmulationEnabled: false, nativeEvents: true, networkConnectionEnabled: false, pageLoadStrategy: normal, platform: XP, platformName: XP, rotatable: false, setWindowRect: true, takesHeapSnapshot: true, takesScreenshot: true, unexpectedAlertBehaviour: , unhandledPromptBehavior: , version: 68.0.3440.106, webStorageEnabled: true}
Session ID: a2a61bea2ccea93782120d45b6ae6c38
	at org.openqa.selenium.support.ui.WebDriverWait.timeoutException(WebDriverWait.java:81)
	at org.openqa.selenium.support.ui.FluentWait.until(FluentWait.java:271)
	at org.ieee.collabratec.utils.SeleniumWait.waitForElementsToBeVisible(SeleniumWait.java:66)
	at org.ieee.collabratec.getpageobjects.GetPage.elements(GetPage.java:152)
	at org.ieee.collabratec.getpageobjects.GetPage.elements(GetPage.java:160)
	at org.ieee.collabratec.keywords.LibraryPageActions.clickOnMyPublicationFilter(LibraryPageActions.java:42)
	at org.ieee.collabratec.tests.ManualAddPublicationTest.Step_008_VerifyPublicationsUnderMyPublications(ManualAddPublicationTest.java:111)
	at sun.reflect.NativeMethodAccessorImpl.invoke0(Native Method)
	at sun.reflect.NativeMethodAccessorImpl.invoke(Unknown Source)
	at sun.reflect.DelegatingMethodAccessorImpl.invoke(Unknown Source)
	at java.lang.reflect.Method.invoke(Unknown Source)
	at org.testng.internal.MethodInvocationHelper.invokeMethod(MethodInvocationHelper.java:86)
	at org.testng.internal.Invoker.invokeMethod(Invoker.java:643)
	at org.testng.internal.Invoker.invokeTestMethod(Invoker.java:820)
	at org.testng.internal.Invoker.invokeTestMethods(Invoker.java:1128)
	at org.testng.internal.TestMethodWorker.invokeTestMethods(TestMethodWorker.java:129)
	at org.testng.internal.TestMethodWorker.run(TestMethodWorker.java:112)
	at org.testng.TestRunner.privateRun(TestRunner.java:782)
	at org.testng.TestRunner.run(TestRunner.java:632)
	at org.testng.SuiteRunner.runTest(SuiteRunner.java:366)
	at org.testng.SuiteRunner.runSequentially(SuiteRunner.java:361)
	at org.testng.SuiteRunner.privateRun(SuiteRunner.java:319)
	at org.testng.SuiteRunner.run(SuiteRunner.java:268)
	at org.testng.SuiteRunnerWorker.runSuite(SuiteRunnerWorker.java:52)
	at org.testng.SuiteRunnerWorker.run(SuiteRunnerWorker.java:86)
	at org.testng.TestNG.runSuitesSequentially(TestNG.java:1244)
	at org.testng.TestNG.runSuitesLocally(TestNG.java:1169)
	at org.testng.TestNG.run(TestNG.java:1064)
	at org.testng.remote.AbstractRemoteTestNG.run(AbstractRemoteTestNG.java:114)
	at org.testng.remote.RemoteTestNG.initAndRun(RemoteTestNG.java:251)
	at org.testng.remote.RemoteTestNG.main(RemoteTestNG.java:77)
</div></td></tr></table><p class="totop"><a href="#summary">back to summary</a></p><h3 id="m2">org.ieee.collabratec.tests.ManualAddPublicationTest#Step_001_LaunchCollabratecSignInPage</h3><table class="result"><tr><th>Messages</th></tr><tr><td><div class="messages">Clicked element [[ChromeDriver: chrome on XP (a2a61bea2ccea93782120d45b6ae6c38)] -&amp;gt; css selector: div#header-menu&amp;gt;ul&amp;gt;li.top-links-out.sign-in&amp;gt;a]</div></td></tr></table><p class="totop"><a href="#summary">back to summary</a></p><h3 id="m3">org.ieee.collabratec.tests.ManualAddPublicationTest#Step_002_SignInToUser</h3><table class="result"><tr><th>Messages</th></tr><tr><td><div class="messages">Clicked element [[ChromeDriver: chrome on XP (a2a61bea2ccea93782120d45b6ae6c38)] -&amp;gt; css selector: a.btn.btn-sign-in]<br/>Clicked element [[ChromeDriver: chrome on XP (a2a61bea2ccea93782120d45b6ae6c38)] -&amp;gt; css selector: div.search-input-box span.twitter-typeahead]<br/>User successfully signed in to his/her account</div></td></tr></table><p class="totop"><a href="#summary">back to summary</a></p><h3 id="m4">org.ieee.collabratec.tests.ManualAddPublicationTest#Step_003_NavigateToAddPublication</h3><table class="result"><tr><th>Messages</th></tr><tr><td><div class="messages">User clicked on element[[ChromeDriver: chrome on XP (a2a61bea2ccea93782120d45b6ae6c38)] -&amp;gt; css selector: li#ppctHdrProfileLink&amp;gt;a&amp;gt;i]<br/>Clicked element [[ChromeDriver: chrome on XP (a2a61bea2ccea93782120d45b6ae6c38)] -&amp;gt; css selector: a#ppctWelPProfileLink]<br/>User clicked on element[[ChromeDriver: chrome on XP (a2a61bea2ccea93782120d45b6ae6c38)] -&amp;gt; css selector: div.item-inner&amp;gt;a]<br/>TEST PASSED: element txt_editPersonalInfo is displayed.</div></td></tr></table><p class="totop"><a href="#summary">back to summary</a></p><h3 id="m5">org.ieee.collabratec.tests.ManualAddPublicationTest#Step_004_AddandVerifyJournalPublication</h3><table class="result"><tr><th>Messages</th></tr><tr><td><div class="messages">User clicked on element[[ChromeDriver: chrome on XP (a2a61bea2ccea93782120d45b6ae6c38)] -&amp;gt; css selector: a.publication-manual-add&amp;gt;i]<br/>Clicked element [[ChromeDriver: chrome on XP (a2a61bea2ccea93782120d45b6ae6c38)] -&amp;gt; css selector: select#type]<br/>Clicked element [[ChromeDriver: chrome on XP (a2a61bea2ccea93782120d45b6ae6c38)] -&amp;gt; css selector: div.wrapper-buttons&amp;gt;button.btn.secondary-button-blue]<br/>New journal publication added successfully</div></td></tr></table><p class="totop"><a href="#summary">back to summary</a></p><h3 id="m6">org.ieee.collabratec.tests.ManualAddPublicationTest#Step_005_AddandVerifyConferencePublication</h3><table class="result"><tr><th>Messages</th></tr><tr><td><div class="messages">User clicked on element[[ChromeDriver: chrome on XP (a2a61bea2ccea93782120d45b6ae6c38)] -&amp;gt; css selector: a.publication-manual-add&amp;gt;i]<br/>Clicked element [[ChromeDriver: chrome on XP (a2a61bea2ccea93782120d45b6ae6c38)] -&amp;gt; css selector: select#type]<br/>Clicked element [[ChromeDriver: chrome on XP (a2a61bea2ccea93782120d45b6ae6c38)] -&amp;gt; css selector: div.wrapper-buttons&amp;gt;button.btn.secondary-button-blue]<br/>New conference publication added successfully</div></td></tr></table><p class="totop"><a href="#summary">back to summary</a></p><h3 id="m7">org.ieee.collabratec.tests.ManualAddPublicationTest#Step_006_EditAndVerifyJournalPublication</h3><table class="result"><tr><th>Messages</th></tr><tr><td><div class="messages">Clicked element [[ChromeDriver: chrome on XP (a2a61bea2ccea93782120d45b6ae6c38)] -&amp;gt; css selector: li#menu-claimedPapers&amp;gt;a&amp;gt;i]<br/>Clicked element [[ChromeDriver: chrome on XP (a2a61bea2ccea93782120d45b6ae6c38)] -&amp;gt; css selector: div.papers-item-icon.dropdown&amp;gt;i]<br/>Clicked element [[ChromeDriver: chrome on XP (a2a61bea2ccea93782120d45b6ae6c38)] -&amp;gt; css selector: div.dropdown-backdrop+ul.dropdown-menu.dropdown-dark a]<br/>User clicked on element[[ChromeDriver: chrome on XP (a2a61bea2ccea93782120d45b6ae6c38)] -&amp;gt; xpath: //button[(contains(text(),&apos;Save&apos;))]]<br/>Edit journal publication functionality verified successfully</div></td></tr></table><p class="totop"><a href="#summary">back to summary</a></p></body></html>