<?xml version="1.0" encoding="UTF-8"?>
<!-- Generated by org.testng.reporters.JUnitXMLReporter -->
<testsuite hostname="ACLA048P2850" name="Test1" tests="8" failures="2" timestamp="28 Aug 2018 14:50:20 GMT" time="121.38" errors="0">
  <testcase name="Step_001_LaunchCollabratecSignInPage" time="26.334" classname="org.ieee.collabratec.tests.ManualAddPublicationTest"/>
  <testcase name="Step_002_SignInToUser" time="22.333" classname="org.ieee.collabratec.tests.ManualAddPublicationTest"/>
  <testcase name="Step_003_NavigateToAddPublication" time="7.785" classname="org.ieee.collabratec.tests.ManualAddPublicationTest"/>
  <testcase name="Step_004_AddandVerifyJournalPublication" time="6.808" classname="org.ieee.collabratec.tests.ManualAddPublicationTest"/>
  <testcase name="Step_005_AddandVerifyConferencePublication" time="11.966" classname="org.ieee.collabratec.tests.ManualAddPublicationTest"/>
  <testcase name="Step_006_EditAndVerifyJournalPublication" time="12.937" classname="org.ieee.collabratec.tests.ManualAddPublicationTest"/>
  <testcase name="Step_007_VerifyPublicationsUnderLibrary" time="4.42" classname="org.ieee.collabratec.tests.ManualAddPublicationTest">
    <failure type="java.lang.AssertionError" message="All created publications not found under My Documents expected [true] but found [false]">
      <![CDATA[java.lang.AssertionError: All created publications not found under My Documents expected [true] but found [false]
	at org.ieee.collabratec.tests.ManualAddPublicationTest.Step_007_VerifyPublicationsUnderLibrary(ManualAddPublicationTest.java:102)
	at java.util.concurrent.FutureTask.run(Unknown Source)
	at java.util.concurrent.ThreadPoolExecutor.runWorker(Unknown Source)
	at java.util.concurrent.ThreadPoolExecutor$Worker.run(Unknown Source)
	at java.lang.Thread.run(Unknown Source)
... Removed 19 stack frames]]>
    </failure>
  </testcase> <!-- Step_007_VerifyPublicationsUnderLibrary -->
  <testcase name="Step_008_VerifyPublicationsUnderMyPublications" time="1.324" classname="org.ieee.collabratec.tests.ManualAddPublicationTest">
    <failure type="java.lang.AssertionError" message="All created publications not found under My Documents expected [true] but found [false]">
      <![CDATA[java.lang.AssertionError: All created publications not found under My Documents expected [true] but found [false]
	at org.ieee.collabratec.tests.ManualAddPublicationTest.Step_008_VerifyPublicationsUnderMyPublications(ManualAddPublicationTest.java:114)
	at java.util.concurrent.FutureTask.run(Unknown Source)
	at java.util.concurrent.ThreadPoolExecutor.runWorker(Unknown Source)
	at java.util.concurrent.ThreadPoolExecutor$Worker.run(Unknown Source)
	at java.lang.Thread.run(Unknown Source)
... Removed 19 stack frames]]>
    </failure>
  </testcase> <!-- Step_008_VerifyPublicationsUnderMyPublications -->
</testsuite> <!-- Test1 -->
