<html>
<head>
<title>TestNG:  Default test</title>
<link href="../testng.css" rel="stylesheet" type="text/css" />
<link href="../my-testng.css" rel="stylesheet" type="text/css" />

<style type="text/css">
.log { display: none;} 
.stack-trace { display: none;} 
</style>
<script type="text/javascript">
<!--
function flip(e) {
  current = e.style.display;
  if (current == 'block') {
    e.style.display = 'none';
    return 0;
  }
  else {
    e.style.display = 'block';
    return 1;
  }
}

function toggleBox(szDivId, elem, msg1, msg2)
{
  var res = -1;  if (document.getElementById) {
    res = flip(document.getElementById(szDivId));
  }
  else if (document.all) {
    // this is the way old msie versions work
    res = flip(document.all[szDivId]);
  }
  if(elem) {
    if(res == 0) elem.innerHTML = msg1; else elem.innerHTML = msg2;
  }

}

function toggleAllBoxes() {
  if (document.getElementsByTagName) {
    d = document.getElementsByTagName('div');
    for (i = 0; i < d.length; i++) {
      if (d[i].className == 'log') {
        flip(d[i]);
      }
    }
  }
}

// -->
</script>

</head>
<body>
<h2 align='center'>Default test</h2><table border='1' align="center">
<tr>
<td>Tests passed/Failed/Skipped:</td><td>6/2/0</td>
</tr><tr>
<td>Started on:</td><td>Wed Aug 29 12:21:41 IST 2018</td>
</tr>
<tr><td>Total time:</td><td>398 seconds (398728 ms)</td>
</tr><tr>
<td>Included groups:</td><td></td>
</tr><tr>
<td>Excluded groups:</td><td></td>
</tr>
</table><p/>
<small><i>(Hover the method name to see the test class name)</i></small><p/>
<table width='100%' border='1' class='invocation-failed'>
<tr><td colspan='4' align='center'><b>FAILED TESTS</b></td></tr>
<tr><td><b>Test method</b></td>
<td width="30%"><b>Exception</b></td>
<td width="10%"><b>Time (seconds)</b></td>
<td><b>Instance</b></td>
</tr>
<tr>
<td title='org.ieee.collabratec.tests.ManualAddPublicationTest.Step_007_VerifyPublicationsUnderLibrary()'><b>Step_007_VerifyPublicationsUnderLibrary</b><br>Test class: org.ieee.collabratec.tests.ManualAddPublicationTest<br/>
<a href="#Output-648936749" onClick='toggleBox("Output-648936749", this, "Show output", "Hide output");'>Show output</a>

<a href="#Output-648936749" onClick="toggleAllBoxes();">Show all outputs</a>
<div class='log' id="Output-648936749">
Clicked element [[ChromeDriver: chrome on XP (a2a61bea2ccea93782120d45b6ae6c38)] -&gt; xpath: //span[contains(text(),'Library')]]<br/>
Clicked element [[ChromeDriver: chrome on XP (a2a61bea2ccea93782120d45b6ae6c38)] -&gt; css selector: ul.nav.nav-tabs li.chardinjs-library-settings.bg-white.chardinjs-show-element]<br/>
Clicked element [[ChromeDriver: chrome on XP (a2a61bea2ccea93782120d45b6ae6c38)] -&gt; css selector: ul.nav.nav-tabs&gt;li&gt;a]<br/>
</div>
</td>
<td><div><pre>org.openqa.selenium.TimeoutException: Expected condition failed: waiting for visibility of all [] (tried for 60 second(s) with 500 milliseconds interval)
Build info: version: &apos;3.11.0&apos;, revision: &apos;e59cfb3&apos;, time: &apos;2018-03-11T20:26:55.152Z&apos;
System info: host: &apos;ACLA048P2850&apos;, ip: &apos;10.0.15.35&apos;, os.name: &apos;Windows 10&apos;, os.arch: &apos;amd64&apos;, os.version: &apos;10.0&apos;, java.version: &apos;1.8.0_161&apos;
Driver info: org.openqa.selenium.support.events.EventFiringWebDriver
Capabilities {acceptInsecureCerts: false, acceptSslCerts: false, applicationCacheEnabled: false, browserConnectionEnabled: false, browserName: chrome, chrome: {chromedriverVersion: 2.40.565498 (ea082db3280dd6..., userDataDir: C:\Users\TUSHAR~1\AppData\L...}, cssSelectorsEnabled: true, databaseEnabled: false, handlesAlerts: true, hasTouchScreen: false, javascriptEnabled: true, locationContextEnabled: true, mobileEmulationEnabled: false, nativeEvents: true, networkConnectionEnabled: false, pageLoadStrategy: normal, platform: XP, platformName: XP, rotatable: false, setWindowRect: true, takesHeapSnapshot: true, takesScreenshot: true, unexpectedAlertBehaviour: , unhandledPromptBehavior: , version: 68.0.3440.106, webStorageEnabled: true}
Session ID: a2a61bea2ccea93782120d45b6ae6c38
	at org.openqa.selenium.support.ui.WebDriverWait.timeoutException(WebDriverWait.java:81)
	at org.openqa.selenium.support.ui.FluentWait.until(FluentWait.java:271)
	at org.ieee.collabratec.utils.SeleniumWait.waitForElementsToBeVisible(SeleniumWait.java:66)
	at org.ieee.collabratec.getpageobjects.GetPage.elements(GetPage.java:152)
	at org.ieee.collabratec.getpageobjects.GetPage.elements(GetPage.java:160)
	at org.ieee.collabratec.keywords.LibraryPageActions.getDocumentTitles(LibraryPageActions.java:32)
	at org.ieee.collabratec.tests.ManualAddPublicationTest.Step_007_VerifyPublicationsUnderLibrary(ManualAddPublicationTest.java:96)
	at sun.reflect.NativeMethodAccessorImpl.invoke0(Native Method)
	at sun.reflect.NativeMethodAccessorImpl.invoke(Unknown Source)
	at sun.reflect.DelegatingMethodAccessorImpl.invoke(Unknown Source)
	at java.lang.reflect.Method.invoke(Unknown Source)
	at org.testng.internal.MethodInvocationHelper.invokeMethod(MethodInvocationHelper.java:86)
	at org.testng.internal.Invoker.invokeMethod(Invoker.java:643)
	at org.testng.internal.Invoker.invokeTestMethod(Invoker.java:820)
	at org.testng.internal.Invoker.invokeTestMethods(Invoker.java:1128)
	at org.testng.internal.TestMethodWorker.invokeTestMethods(TestMethodWorker.java:129)
	at org.testng.internal.TestMethodWorker.run(TestMethodWorker.java:112)
	at org.testng.TestRunner.privateRun(TestRunner.java:782)
	at org.testng.TestRunner.run(TestRunner.java:632)
	at org.testng.SuiteRunner.runTest(SuiteRunner.java:366)
	at org.testng.SuiteRunner.runSequentially(SuiteRunner.java:361)
	at org.testng.SuiteRunner.privateRun(SuiteRunner.java:319)
	at org.testng.SuiteRunner.run(SuiteRunner.java:268)
	at org.testng.SuiteRunnerWorker.runSuite(SuiteRunnerWorker.java:52)
	at org.testng.SuiteRunnerWorker.run(SuiteRunnerWorker.java:86)
	at org.testng.TestNG.runSuitesSequentially(TestNG.java:1244)
	at org.testng.TestNG.runSuitesLocally(TestNG.java:1169)
	at org.testng.TestNG.run(TestNG.java:1064)
	at org.testng.remote.AbstractRemoteTestNG.run(AbstractRemoteTestNG.java:114)
	at org.testng.remote.RemoteTestNG.initAndRun(RemoteTestNG.java:251)
	at org.testng.remote.RemoteTestNG.main(RemoteTestNG.java:77)
</pre></div><a href='#' onClick='toggleBox("stack-trace648936749", this, "Click to show all stack frames", "Click to hide stack frames")'>Click to show all stack frames</a>
<div class='stack-trace' id='stack-trace648936749'><pre>org.openqa.selenium.TimeoutException: Expected condition failed: waiting for visibility of all [] (tried for 60 second(s) with 500 milliseconds interval)
Build info: version: &apos;3.11.0&apos;, revision: &apos;e59cfb3&apos;, time: &apos;2018-03-11T20:26:55.152Z&apos;
System info: host: &apos;ACLA048P2850&apos;, ip: &apos;10.0.15.35&apos;, os.name: &apos;Windows 10&apos;, os.arch: &apos;amd64&apos;, os.version: &apos;10.0&apos;, java.version: &apos;1.8.0_161&apos;
Driver info: org.openqa.selenium.support.events.EventFiringWebDriver
Capabilities {acceptInsecureCerts: false, acceptSslCerts: false, applicationCacheEnabled: false, browserConnectionEnabled: false, browserName: chrome, chrome: {chromedriverVersion: 2.40.565498 (ea082db3280dd6..., userDataDir: C:\Users\TUSHAR~1\AppData\L...}, cssSelectorsEnabled: true, databaseEnabled: false, handlesAlerts: true, hasTouchScreen: false, javascriptEnabled: true, locationContextEnabled: true, mobileEmulationEnabled: false, nativeEvents: true, networkConnectionEnabled: false, pageLoadStrategy: normal, platform: XP, platformName: XP, rotatable: false, setWindowRect: true, takesHeapSnapshot: true, takesScreenshot: true, unexpectedAlertBehaviour: , unhandledPromptBehavior: , version: 68.0.3440.106, webStorageEnabled: true}
Session ID: a2a61bea2ccea93782120d45b6ae6c38
	at org.openqa.selenium.support.ui.WebDriverWait.timeoutException(WebDriverWait.java:81)
	at org.openqa.selenium.support.ui.FluentWait.until(FluentWait.java:271)
	at org.ieee.collabratec.utils.SeleniumWait.waitForElementsToBeVisible(SeleniumWait.java:66)
	at org.ieee.collabratec.getpageobjects.GetPage.elements(GetPage.java:152)
	at org.ieee.collabratec.getpageobjects.GetPage.elements(GetPage.java:160)
	at org.ieee.collabratec.keywords.LibraryPageActions.getDocumentTitles(LibraryPageActions.java:32)
	at org.ieee.collabratec.tests.ManualAddPublicationTest.Step_007_VerifyPublicationsUnderLibrary(ManualAddPublicationTest.java:96)
	at sun.reflect.NativeMethodAccessorImpl.invoke0(Native Method)
	at sun.reflect.NativeMethodAccessorImpl.invoke(Unknown Source)
	at sun.reflect.DelegatingMethodAccessorImpl.invoke(Unknown Source)
	at java.lang.reflect.Method.invoke(Unknown Source)
	at org.testng.internal.MethodInvocationHelper.invokeMethod(MethodInvocationHelper.java:86)
	at org.testng.internal.Invoker.invokeMethod(Invoker.java:643)
	at org.testng.internal.Invoker.invokeTestMethod(Invoker.java:820)
	at org.testng.internal.Invoker.invokeTestMethods(Invoker.java:1128)
	at org.testng.internal.TestMethodWorker.invokeTestMethods(TestMethodWorker.java:129)
	at org.testng.internal.TestMethodWorker.run(TestMethodWorker.java:112)
	at org.testng.TestRunner.privateRun(TestRunner.java:782)
	at org.testng.TestRunner.run(TestRunner.java:632)
	at org.testng.SuiteRunner.runTest(SuiteRunner.java:366)
	at org.testng.SuiteRunner.runSequentially(SuiteRunner.java:361)
	at org.testng.SuiteRunner.privateRun(SuiteRunner.java:319)
	at org.testng.SuiteRunner.run(SuiteRunner.java:268)
	at org.testng.SuiteRunnerWorker.runSuite(SuiteRunnerWorker.java:52)
	at org.testng.SuiteRunnerWorker.run(SuiteRunnerWorker.java:86)
	at org.testng.TestNG.runSuitesSequentially(TestNG.java:1244)
	at org.testng.TestNG.runSuitesLocally(TestNG.java:1169)
	at org.testng.TestNG.run(TestNG.java:1064)
	at org.testng.remote.AbstractRemoteTestNG.run(AbstractRemoteTestNG.java:114)
	at org.testng.remote.RemoteTestNG.initAndRun(RemoteTestNG.java:251)
	at org.testng.remote.RemoteTestNG.main(RemoteTestNG.java:77)
</pre></div></td>
<td>125</td>
<td>org.ieee.collabratec.tests.ManualAddPublicationTest@3abbfa04</td></tr>
<tr>
<td title='org.ieee.collabratec.tests.ManualAddPublicationTest.Step_008_VerifyPublicationsUnderMyPublications()'><b>Step_008_VerifyPublicationsUnderMyPublications</b><br>Test class: org.ieee.collabratec.tests.ManualAddPublicationTest</td>
<td><div><pre>org.openqa.selenium.TimeoutException: Expected condition failed: waiting for visibility of all [] (tried for 60 second(s) with 500 milliseconds interval)
Build info: version: &apos;3.11.0&apos;, revision: &apos;e59cfb3&apos;, time: &apos;2018-03-11T20:26:55.152Z&apos;
System info: host: &apos;ACLA048P2850&apos;, ip: &apos;10.0.15.35&apos;, os.name: &apos;Windows 10&apos;, os.arch: &apos;amd64&apos;, os.version: &apos;10.0&apos;, java.version: &apos;1.8.0_161&apos;
Driver info: org.openqa.selenium.support.events.EventFiringWebDriver
Capabilities {acceptInsecureCerts: false, acceptSslCerts: false, applicationCacheEnabled: false, browserConnectionEnabled: false, browserName: chrome, chrome: {chromedriverVersion: 2.40.565498 (ea082db3280dd6..., userDataDir: C:\Users\TUSHAR~1\AppData\L...}, cssSelectorsEnabled: true, databaseEnabled: false, handlesAlerts: true, hasTouchScreen: false, javascriptEnabled: true, locationContextEnabled: true, mobileEmulationEnabled: false, nativeEvents: true, networkConnectionEnabled: false, pageLoadStrategy: normal, platform: XP, platformName: XP, rotatable: false, setWindowRect: true, takesHeapSnapshot: true, takesScreenshot: true, unexpectedAlertBehaviour: , unhandledPromptBehavior: , version: 68.0.3440.106, webStorageEnabled: true}
Session ID: a2a61bea2ccea93782120d45b6ae6c38
	at org.openqa.selenium.support.ui.WebDriverWait.timeoutException(WebDriverWait.java:81)
	at org.openqa.selenium.support.ui.FluentWait.until(FluentWait.java:271)
	at org.ieee.collabratec.utils.SeleniumWait.waitForElementsToBeVisible(SeleniumWait.java:66)
	at org.ieee.collabratec.getpageobjects.GetPage.elements(GetPage.java:152)
	at org.ieee.collabratec.getpageobjects.GetPage.elements(GetPage.java:160)
	at org.ieee.collabratec.keywords.LibraryPageActions.clickOnMyPublicationFilter(LibraryPageActions.java:42)
	at org.ieee.collabratec.tests.ManualAddPublicationTest.Step_008_VerifyPublicationsUnderMyPublications(ManualAddPublicationTest.java:111)
	at sun.reflect.NativeMethodAccessorImpl.invoke0(Native Method)
	at sun.reflect.NativeMethodAccessorImpl.invoke(Unknown Source)
	at sun.reflect.DelegatingMethodAccessorImpl.invoke(Unknown Source)
	at java.lang.reflect.Method.invoke(Unknown Source)
	at org.testng.internal.MethodInvocationHelper.invokeMethod(MethodInvocationHelper.java:86)
	at org.testng.internal.Invoker.invokeMethod(Invoker.java:643)
	at org.testng.internal.Invoker.invokeTestMethod(Invoker.java:820)
	at org.testng.internal.Invoker.invokeTestMethods(Invoker.java:1128)
	at org.testng.internal.TestMethodWorker.invokeTestMethods(TestMethodWorker.java:129)
	at org.testng.internal.TestMethodWorker.run(TestMethodWorker.java:112)
	at org.testng.TestRunner.privateRun(TestRunner.java:782)
	at org.testng.TestRunner.run(TestRunner.java:632)
	at org.testng.SuiteRunner.runTest(SuiteRunner.java:366)
	at org.testng.SuiteRunner.runSequentially(SuiteRunner.java:361)
	at org.testng.SuiteRunner.privateRun(SuiteRunner.java:319)
	at org.testng.SuiteRunner.run(SuiteRunner.java:268)
	at org.testng.SuiteRunnerWorker.runSuite(SuiteRunnerWorker.java:52)
	at org.testng.SuiteRunnerWorker.run(SuiteRunnerWorker.java:86)
	at org.testng.TestNG.runSuitesSequentially(TestNG.java:1244)
	at org.testng.TestNG.runSuitesLocally(TestNG.java:1169)
	at org.testng.TestNG.run(TestNG.java:1064)
	at org.testng.remote.AbstractRemoteTestNG.run(AbstractRemoteTestNG.java:114)
	at org.testng.remote.RemoteTestNG.initAndRun(RemoteTestNG.java:251)
	at org.testng.remote.RemoteTestNG.main(RemoteTestNG.java:77)
</pre></div><a href='#' onClick='toggleBox("stack-trace1470966439", this, "Click to show all stack frames", "Click to hide stack frames")'>Click to show all stack frames</a>
<div class='stack-trace' id='stack-trace1470966439'><pre>org.openqa.selenium.TimeoutException: Expected condition failed: waiting for visibility of all [] (tried for 60 second(s) with 500 milliseconds interval)
Build info: version: &apos;3.11.0&apos;, revision: &apos;e59cfb3&apos;, time: &apos;2018-03-11T20:26:55.152Z&apos;
System info: host: &apos;ACLA048P2850&apos;, ip: &apos;10.0.15.35&apos;, os.name: &apos;Windows 10&apos;, os.arch: &apos;amd64&apos;, os.version: &apos;10.0&apos;, java.version: &apos;1.8.0_161&apos;
Driver info: org.openqa.selenium.support.events.EventFiringWebDriver
Capabilities {acceptInsecureCerts: false, acceptSslCerts: false, applicationCacheEnabled: false, browserConnectionEnabled: false, browserName: chrome, chrome: {chromedriverVersion: 2.40.565498 (ea082db3280dd6..., userDataDir: C:\Users\TUSHAR~1\AppData\L...}, cssSelectorsEnabled: true, databaseEnabled: false, handlesAlerts: true, hasTouchScreen: false, javascriptEnabled: true, locationContextEnabled: true, mobileEmulationEnabled: false, nativeEvents: true, networkConnectionEnabled: false, pageLoadStrategy: normal, platform: XP, platformName: XP, rotatable: false, setWindowRect: true, takesHeapSnapshot: true, takesScreenshot: true, unexpectedAlertBehaviour: , unhandledPromptBehavior: , version: 68.0.3440.106, webStorageEnabled: true}
Session ID: a2a61bea2ccea93782120d45b6ae6c38
	at org.openqa.selenium.support.ui.WebDriverWait.timeoutException(WebDriverWait.java:81)
	at org.openqa.selenium.support.ui.FluentWait.until(FluentWait.java:271)
	at org.ieee.collabratec.utils.SeleniumWait.waitForElementsToBeVisible(SeleniumWait.java:66)
	at org.ieee.collabratec.getpageobjects.GetPage.elements(GetPage.java:152)
	at org.ieee.collabratec.getpageobjects.GetPage.elements(GetPage.java:160)
	at org.ieee.collabratec.keywords.LibraryPageActions.clickOnMyPublicationFilter(LibraryPageActions.java:42)
	at org.ieee.collabratec.tests.ManualAddPublicationTest.Step_008_VerifyPublicationsUnderMyPublications(ManualAddPublicationTest.java:111)
	at sun.reflect.NativeMethodAccessorImpl.invoke0(Native Method)
	at sun.reflect.NativeMethodAccessorImpl.invoke(Unknown Source)
	at sun.reflect.DelegatingMethodAccessorImpl.invoke(Unknown Source)
	at java.lang.reflect.Method.invoke(Unknown Source)
	at org.testng.internal.MethodInvocationHelper.invokeMethod(MethodInvocationHelper.java:86)
	at org.testng.internal.Invoker.invokeMethod(Invoker.java:643)
	at org.testng.internal.Invoker.invokeTestMethod(Invoker.java:820)
	at org.testng.internal.Invoker.invokeTestMethods(Invoker.java:1128)
	at org.testng.internal.TestMethodWorker.invokeTestMethods(TestMethodWorker.java:129)
	at org.testng.internal.TestMethodWorker.run(TestMethodWorker.java:112)
	at org.testng.TestRunner.privateRun(TestRunner.java:782)
	at org.testng.TestRunner.run(TestRunner.java:632)
	at org.testng.SuiteRunner.runTest(SuiteRunner.java:366)
	at org.testng.SuiteRunner.runSequentially(SuiteRunner.java:361)
	at org.testng.SuiteRunner.privateRun(SuiteRunner.java:319)
	at org.testng.SuiteRunner.run(SuiteRunner.java:268)
	at org.testng.SuiteRunnerWorker.runSuite(SuiteRunnerWorker.java:52)
	at org.testng.SuiteRunnerWorker.run(SuiteRunnerWorker.java:86)
	at org.testng.TestNG.runSuitesSequentially(TestNG.java:1244)
	at org.testng.TestNG.runSuitesLocally(TestNG.java:1169)
	at org.testng.TestNG.run(TestNG.java:1064)
	at org.testng.remote.AbstractRemoteTestNG.run(AbstractRemoteTestNG.java:114)
	at org.testng.remote.RemoteTestNG.initAndRun(RemoteTestNG.java:251)
	at org.testng.remote.RemoteTestNG.main(RemoteTestNG.java:77)
</pre></div></td>
<td>120</td>
<td>org.ieee.collabratec.tests.ManualAddPublicationTest@3abbfa04</td></tr>
</table><p>
<table width='100%' border='1' class='invocation-passed'>
<tr><td colspan='4' align='center'><b>PASSED TESTS</b></td></tr>
<tr><td><b>Test method</b></td>
<td width="30%"><b>Exception</b></td>
<td width="10%"><b>Time (seconds)</b></td>
<td><b>Instance</b></td>
</tr>
<tr>
<td title='org.ieee.collabratec.tests.ManualAddPublicationTest.Step_001_LaunchCollabratecSignInPage()'><b>Step_001_LaunchCollabratecSignInPage</b><br>Test class: org.ieee.collabratec.tests.ManualAddPublicationTest<br/>
<a href="#Output-596470015" onClick='toggleBox("Output-596470015", this, "Show output", "Hide output");'>Show output</a>

<a href="#Output-596470015" onClick="toggleAllBoxes();">Show all outputs</a>
<div class='log' id="Output-596470015">
Clicked element [[ChromeDriver: chrome on XP (a2a61bea2ccea93782120d45b6ae6c38)] -&gt; css selector: div#header-menu&gt;ul&gt;li.top-links-out.sign-in&gt;a]<br/>
</div>
</td>
<td></td>
<td>16</td>
<td>org.ieee.collabratec.tests.ManualAddPublicationTest@3abbfa04</td></tr>
<tr>
<td title='org.ieee.collabratec.tests.ManualAddPublicationTest.Step_002_SignInToUser()'><b>Step_002_SignInToUser</b><br>Test class: org.ieee.collabratec.tests.ManualAddPublicationTest<br/>
<a href="#Output-164332069" onClick='toggleBox("Output-164332069", this, "Show output", "Hide output");'>Show output</a>

<a href="#Output-164332069" onClick="toggleAllBoxes();">Show all outputs</a>
<div class='log' id="Output-164332069">
Clicked element [[ChromeDriver: chrome on XP (a2a61bea2ccea93782120d45b6ae6c38)] -&gt; css selector: a.btn.btn-sign-in]<br/>
Clicked element [[ChromeDriver: chrome on XP (a2a61bea2ccea93782120d45b6ae6c38)] -&gt; css selector: div.search-input-box span.twitter-typeahead]<br/>
User successfully signed in to his/her account<br/>
</div>
</td>
<td></td>
<td>57</td>
<td>org.ieee.collabratec.tests.ManualAddPublicationTest@3abbfa04</td></tr>
<tr>
<td title='org.ieee.collabratec.tests.ManualAddPublicationTest.Step_003_NavigateToAddPublication()'><b>Step_003_NavigateToAddPublication</b><br>Test class: org.ieee.collabratec.tests.ManualAddPublicationTest<br/>
<a href="#Output-1281025083" onClick='toggleBox("Output-1281025083", this, "Show output", "Hide output");'>Show output</a>

<a href="#Output-1281025083" onClick="toggleAllBoxes();">Show all outputs</a>
<div class='log' id="Output-1281025083">
User clicked on element[[ChromeDriver: chrome on XP (a2a61bea2ccea93782120d45b6ae6c38)] -&gt; css selector: li#ppctHdrProfileLink&gt;a&gt;i]<br/>
Clicked element [[ChromeDriver: chrome on XP (a2a61bea2ccea93782120d45b6ae6c38)] -&gt; css selector: a#ppctWelPProfileLink]<br/>
User clicked on element[[ChromeDriver: chrome on XP (a2a61bea2ccea93782120d45b6ae6c38)] -&gt; css selector: div.item-inner&gt;a]<br/>
TEST PASSED: element txt_editPersonalInfo is displayed.<br/>
</div>
</td>
<td></td>
<td>18</td>
<td>org.ieee.collabratec.tests.ManualAddPublicationTest@3abbfa04</td></tr>
<tr>
<td title='org.ieee.collabratec.tests.ManualAddPublicationTest.Step_004_AddandVerifyJournalPublication()'><b>Step_004_AddandVerifyJournalPublication</b><br>Test class: org.ieee.collabratec.tests.ManualAddPublicationTest<br/>
<a href="#Output-292138977" onClick='toggleBox("Output-292138977", this, "Show output", "Hide output");'>Show output</a>

<a href="#Output-292138977" onClick="toggleAllBoxes();">Show all outputs</a>
<div class='log' id="Output-292138977">
User clicked on element[[ChromeDriver: chrome on XP (a2a61bea2ccea93782120d45b6ae6c38)] -&gt; css selector: a.publication-manual-add&gt;i]<br/>
Clicked element [[ChromeDriver: chrome on XP (a2a61bea2ccea93782120d45b6ae6c38)] -&gt; css selector: select#type]<br/>
Clicked element [[ChromeDriver: chrome on XP (a2a61bea2ccea93782120d45b6ae6c38)] -&gt; css selector: div.wrapper-buttons&gt;button.btn.secondary-button-blue]<br/>
New journal publication added successfully<br/>
</div>
</td>
<td></td>
<td>7</td>
<td>org.ieee.collabratec.tests.ManualAddPublicationTest@3abbfa04</td></tr>
<tr>
<td title='org.ieee.collabratec.tests.ManualAddPublicationTest.Step_005_AddandVerifyConferencePublication()'><b>Step_005_AddandVerifyConferencePublication</b><br>Test class: org.ieee.collabratec.tests.ManualAddPublicationTest<br/>
<a href="#Output-899929247" onClick='toggleBox("Output-899929247", this, "Show output", "Hide output");'>Show output</a>

<a href="#Output-899929247" onClick="toggleAllBoxes();">Show all outputs</a>
<div class='log' id="Output-899929247">
User clicked on element[[ChromeDriver: chrome on XP (a2a61bea2ccea93782120d45b6ae6c38)] -&gt; css selector: a.publication-manual-add&gt;i]<br/>
Clicked element [[ChromeDriver: chrome on XP (a2a61bea2ccea93782120d45b6ae6c38)] -&gt; css selector: select#type]<br/>
Clicked element [[ChromeDriver: chrome on XP (a2a61bea2ccea93782120d45b6ae6c38)] -&gt; css selector: div.wrapper-buttons&gt;button.btn.secondary-button-blue]<br/>
New conference publication added successfully<br/>
</div>
</td>
<td></td>
<td>13</td>
<td>org.ieee.collabratec.tests.ManualAddPublicationTest@3abbfa04</td></tr>
<tr>
<td title='org.ieee.collabratec.tests.ManualAddPublicationTest.Step_006_EditAndVerifyJournalPublication()'><b>Step_006_EditAndVerifyJournalPublication</b><br>Test class: org.ieee.collabratec.tests.ManualAddPublicationTest<br/>
<a href="#Output-610454273" onClick='toggleBox("Output-610454273", this, "Show output", "Hide output");'>Show output</a>

<a href="#Output-610454273" onClick="toggleAllBoxes();">Show all outputs</a>
<div class='log' id="Output-610454273">
Clicked element [[ChromeDriver: chrome on XP (a2a61bea2ccea93782120d45b6ae6c38)] -&gt; css selector: li#menu-claimedPapers&gt;a&gt;i]<br/>
Clicked element [[ChromeDriver: chrome on XP (a2a61bea2ccea93782120d45b6ae6c38)] -&gt; css selector: div.papers-item-icon.dropdown&gt;i]<br/>
Clicked element [[ChromeDriver: chrome on XP (a2a61bea2ccea93782120d45b6ae6c38)] -&gt; css selector: div.dropdown-backdrop+ul.dropdown-menu.dropdown-dark a]<br/>
User clicked on element[[ChromeDriver: chrome on XP (a2a61bea2ccea93782120d45b6ae6c38)] -&gt; xpath: //button[(contains(text(),'Save'))]]<br/>
Edit journal publication functionality verified successfully<br/>
</div>
</td>
<td></td>
<td>13</td>
<td>org.ieee.collabratec.tests.ManualAddPublicationTest@3abbfa04</td></tr>
</table><p>
</body>
</html>