<?xml version="1.0" encoding="UTF-8"?>
<!-- Generated by org.testng.reporters.JUnitXMLReporter -->
<testsuite hostname="LNLA020P3014" name="Individual_TC002_Submiting_PAR_for_NewStandard" tests="7" failures="0" timestamp="26 Jul 2018 12:17:54 GMT" time="74.509" errors="0">
  <testcase name="@BeforeClass Login_To_The_Application" time="0.0" classname="org.ieee.standards.MyProject.tests.IndividualTestCases.Individual_TC002_Submiting_PAR_for_NewStandard">
    <failure type="java.lang.AssertionError" message="FAILED: Element &amp;apos;txt_email&amp;apos; not found on the LoginPage !!!">
      <![CDATA[java.lang.AssertionError: FAILED: Element 'txt_email' not found on the LoginPage !!!
	at org.ieee.standards.getpageobjects.GetPage.element(GetPage.java:81)
	at org.ieee.standards.getpageobjects.GetPage.element(GetPage.java:55)
	at org.ieee.standards.MyProject.keywords.LoginPageActions.loginIntoApplication(LoginPageActions.java:126)
	at org.ieee.standards.MyProject.tests.IndividualTestCases.Individual_TC002_Submiting_PAR_for_NewStandard.Login_To_The_Application(Individual_TC002_Submiting_PAR_for_NewStandard.java:20)
... Removed 25 stack frames]]>
    </failure>
  </testcase> <!-- @BeforeClass Login_To_The_Application -->
  <testcase name="@BeforeMethod handleTestMethodName" time="0.0" classname="org.ieee.standards.MyProject.tests.IndividualTestCases.Individual_TC002_Submiting_PAR_for_NewStandard">
    <skipped/>
  </testcase> <!-- @BeforeMethod handleTestMethodName -->
  <testcase name="@AfterMethod afterMethod" time="0.0" classname="org.ieee.standards.MyProject.tests.IndividualTestCases.Individual_TC002_Submiting_PAR_for_NewStandard">
    <skipped/>
  </testcase> <!-- @AfterMethod afterMethod -->
  <testcase name="@BeforeMethod handleTestMethodName" time="0.0" classname="org.ieee.standards.MyProject.tests.IndividualTestCases.Individual_TC002_Submiting_PAR_for_NewStandard">
    <skipped/>
  </testcase> <!-- @BeforeMethod handleTestMethodName -->
  <testcase name="@AfterMethod afterMethod" time="0.0" classname="org.ieee.standards.MyProject.tests.IndividualTestCases.Individual_TC002_Submiting_PAR_for_NewStandard">
    <skipped/>
  </testcase> <!-- @AfterMethod afterMethod -->
  <testcase name="@BeforeMethod handleTestMethodName" time="0.0" classname="org.ieee.standards.MyProject.tests.IndividualTestCases.Individual_TC002_Submiting_PAR_for_NewStandard">
    <skipped/>
  </testcase> <!-- @BeforeMethod handleTestMethodName -->
  <testcase name="@AfterMethod afterMethod" time="0.0" classname="org.ieee.standards.MyProject.tests.IndividualTestCases.Individual_TC002_Submiting_PAR_for_NewStandard">
    <skipped/>
  </testcase> <!-- @AfterMethod afterMethod -->
  <testcase name="@BeforeMethod handleTestMethodName" time="0.0" classname="org.ieee.standards.MyProject.tests.IndividualTestCases.Individual_TC002_Submiting_PAR_for_NewStandard">
    <skipped/>
  </testcase> <!-- @BeforeMethod handleTestMethodName -->
  <testcase name="@AfterMethod afterMethod" time="0.0" classname="org.ieee.standards.MyProject.tests.IndividualTestCases.Individual_TC002_Submiting_PAR_for_NewStandard">
    <skipped/>
  </testcase> <!-- @AfterMethod afterMethod -->
  <testcase name="@BeforeMethod handleTestMethodName" time="0.0" classname="org.ieee.standards.MyProject.tests.IndividualTestCases.Individual_TC002_Submiting_PAR_for_NewStandard">
    <skipped/>
  </testcase> <!-- @BeforeMethod handleTestMethodName -->
  <testcase name="@AfterMethod afterMethod" time="0.0" classname="org.ieee.standards.MyProject.tests.IndividualTestCases.Individual_TC002_Submiting_PAR_for_NewStandard">
    <skipped/>
  </testcase> <!-- @AfterMethod afterMethod -->
  <testcase name="@BeforeMethod handleTestMethodName" time="0.0" classname="org.ieee.standards.MyProject.tests.IndividualTestCases.Individual_TC002_Submiting_PAR_for_NewStandard">
    <skipped/>
  </testcase> <!-- @BeforeMethod handleTestMethodName -->
  <testcase name="@AfterMethod afterMethod" time="0.0" classname="org.ieee.standards.MyProject.tests.IndividualTestCases.Individual_TC002_Submiting_PAR_for_NewStandard">
    <skipped/>
  </testcase> <!-- @AfterMethod afterMethod -->
  <testcase name="@BeforeMethod handleTestMethodName" time="0.0" classname="org.ieee.standards.MyProject.tests.IndividualTestCases.Individual_TC002_Submiting_PAR_for_NewStandard">
    <skipped/>
  </testcase> <!-- @BeforeMethod handleTestMethodName -->
  <testcase name="@AfterMethod afterMethod" time="0.0" classname="org.ieee.standards.MyProject.tests.IndividualTestCases.Individual_TC002_Submiting_PAR_for_NewStandard">
    <skipped/>
  </testcase> <!-- @AfterMethod afterMethod -->
  <testcase name="@AfterClass tearDown" time="0.0" classname="org.ieee.standards.MyProject.tests.IndividualTestCases.Individual_TC002_Submiting_PAR_for_NewStandard">
    <failure type="org.testng.TestNGException" message="
Method tearDown requires 2 parameters but 0 were supplied in the @Configuration annotation.">
      <![CDATA[org.testng.TestNGException: 
Method tearDown requires 2 parameters but 0 were supplied in the @Configuration annotation.
... Removed 22 stack frames]]>
    </failure>
  </testcase> <!-- @AfterClass tearDown -->
  <testcase name="Step01_Verify_User_Is_In_HomePage" time="0.004" classname="org.ieee.standards.MyProject.tests.IndividualTestCases.Individual_TC002_Submiting_PAR_for_NewStandard">
    <skipped/>
  </testcase> <!-- Step01_Verify_User_Is_In_HomePage -->
  <testcase name="Step02_Verify_User_Is_Able_To_Open_PAR_Form_To_Create_A_New_One" time="0.008" classname="org.ieee.standards.MyProject.tests.IndividualTestCases.Individual_TC002_Submiting_PAR_for_NewStandard">
    <skipped/>
  </testcase> <!-- Step02_Verify_User_Is_Able_To_Open_PAR_Form_To_Create_A_New_One -->
  <testcase name="Step03_Verify_Options_In_Create_PAR_Form" time="0.013" classname="org.ieee.standards.MyProject.tests.IndividualTestCases.Individual_TC002_Submiting_PAR_for_NewStandard">
    <skipped/>
  </testcase> <!-- Step03_Verify_Options_In_Create_PAR_Form -->
  <testcase name="Step04_Verify_Error_Message_Next_To_Each_Field_When_Not_Filled_PAR_Form" time="0.108" classname="org.ieee.standards.MyProject.tests.IndividualTestCases.Individual_TC002_Submiting_PAR_for_NewStandard">
    <skipped/>
  </testcase> <!-- Step04_Verify_Error_Message_Next_To_Each_Field_When_Not_Filled_PAR_Form -->
  <testcase name="Step05_Verify_User_Redirected_To_PAR_Review_Page_When_User_Clicked_Preview_And_Submit_Button" time="0.005" classname="org.ieee.standards.MyProject.tests.IndividualTestCases.Individual_TC002_Submiting_PAR_for_NewStandard">
    <skipped/>
  </testcase> <!-- Step05_Verify_User_Redirected_To_PAR_Review_Page_When_User_Clicked_Preview_And_Submit_Button -->
  <testcase name="Step06_Verify_User_Is_Navigated_To_PARs_Submitted_To_NesCom_Page" time="0.002" classname="org.ieee.standards.MyProject.tests.IndividualTestCases.Individual_TC002_Submiting_PAR_for_NewStandard">
    <skipped/>
  </testcase> <!-- Step06_Verify_User_Is_Navigated_To_PARs_Submitted_To_NesCom_Page -->
  <testcase name="Step07_Verify_the_functionality_of_user_logout" time="0.004" classname="org.ieee.standards.MyProject.tests.IndividualTestCases.Individual_TC002_Submiting_PAR_for_NewStandard">
    <skipped/>
  </testcase> <!-- Step07_Verify_the_functionality_of_user_logout -->
</testsuite> <!-- Individual_TC002_Submiting_PAR_for_NewStandard -->
