<?xml version="1.0" encoding="UTF-8"?>
<!-- Generated by org.testng.reporters.JUnitReportReporter -->
<testsuite hostname="LNLA020P3014" name="org.ieee.standards.MyProject.tests.CreateMeetingTemplate.NesCom_AgendaTemplate_TC001_Create_Edit_Delete_Template" tests="6" failures="0" timestamp="26 Jul 2018 09:26:17 GMT" time="162.033" errors="1">
  <testcase name="Step02_Verify_User_Is_Able_To_Select_Menu_Options" time="11.401" classname="org.ieee.standards.MyProject.tests.CreateMeetingTemplate.NesCom_AgendaTemplate_TC001_Create_Edit_Delete_Template"/>
  <testcase name="Step05_Delete_ExistingAgendaTemplate" time="18.846" classname="org.ieee.standards.MyProject.tests.CreateMeetingTemplate.NesCom_AgendaTemplate_TC001_Create_Edit_Delete_Template"/>
  <testcase name="Step03_Create_New_AgendaTemplate" time="29.829" classname="org.ieee.standards.MyProject.tests.CreateMeetingTemplate.NesCom_AgendaTemplate_TC001_Create_Edit_Delete_Template"/>
  <testcase name="Step06_Verify_the_functionality_of_user_logout" time="32.825" classname="org.ieee.standards.MyProject.tests.CreateMeetingTemplate.NesCom_AgendaTemplate_TC001_Create_Edit_Delete_Template"/>
  <testcase name="Step04_Edit_ExistingAgendaTemplate" time="63.783" classname="org.ieee.standards.MyProject.tests.CreateMeetingTemplate.NesCom_AgendaTemplate_TC001_Create_Edit_Delete_Template">
    <error type="org.openqa.selenium.TimeoutException" message="Expected condition failed: waiting for visibility of [[ChromeDriver: chrome on XP (31cdbedb9233f790a529afe09c0efe51)] -&gt; xpath: //input[@name=&quot;templateName&quot; and @id=&#039;template-name&#039;]] (tried for 60 second(s) with 500 milliseconds interval)
Build info: version: &#039;3.11.0&#039;, revision: &#039;e59cfb3&#039;, time: &#039;2018-03-11T20:26:55.152Z&#039;
System info: host: &#039;LNLA020P3014&#039;, ip: &#039;10.0.13.97&#039;, os.name: &#039;Windows 10&#039;, os.arch: &#039;amd64&#039;, os.version: &#039;10.0&#039;, java.version: &#039;1.8.0_161&#039;
Driver info: org.openqa.selenium.support.events.EventFiringWebDriver
Capabilities {acceptInsecureCerts: false, acceptSslCerts: false, applicationCacheEnabled: false, browserConnectionEnabled: false, browserName: chrome, chrome: {chromedriverVersion: 2.40.565498 (ea082db3280dd6..., userDataDir: C:\Users\SACHIN~1\AppData\L...}, cssSelectorsEnabled: true, databaseEnabled: false, handlesAlerts: true, hasTouchScreen: false, javascriptEnabled: true, locationContextEnabled: true, mobileEmulationEnabled: false, nativeEvents: true, networkConnectionEnabled: false, pageLoadStrategy: normal, platform: XP, platformName: XP, rotatable: false, setWindowRect: true, takesHeapSnapshot: true, takesScreenshot: true, unexpectedAlertBehaviour: , unhandledPromptBehavior: , version: 67.0.3396.99, webStorageEnabled: true}
Session ID: 31cdbedb9233f790a529afe09c0efe51">
      <![CDATA[org.openqa.selenium.TimeoutException: Expected condition failed: waiting for visibility of [[ChromeDriver: chrome on XP (31cdbedb9233f790a529afe09c0efe51)] -> xpath: //input[@name="templateName" and @id='template-name']] (tried for 60 second(s) with 500 milliseconds interval)
Build info: version: '3.11.0', revision: 'e59cfb3', time: '2018-03-11T20:26:55.152Z'
System info: host: 'LNLA020P3014', ip: '10.0.13.97', os.name: 'Windows 10', os.arch: 'amd64', os.version: '10.0', java.version: '1.8.0_161'
Driver info: org.openqa.selenium.support.events.EventFiringWebDriver
Capabilities {acceptInsecureCerts: false, acceptSslCerts: false, applicationCacheEnabled: false, browserConnectionEnabled: false, browserName: chrome, chrome: {chromedriverVersion: 2.40.565498 (ea082db3280dd6..., userDataDir: C:\Users\SACHIN~1\AppData\L...}, cssSelectorsEnabled: true, databaseEnabled: false, handlesAlerts: true, hasTouchScreen: false, javascriptEnabled: true, locationContextEnabled: true, mobileEmulationEnabled: false, nativeEvents: true, networkConnectionEnabled: false, pageLoadStrategy: normal, platform: XP, platformName: XP, rotatable: false, setWindowRect: true, takesHeapSnapshot: true, takesScreenshot: true, unexpectedAlertBehaviour: , unhandledPromptBehavior: , version: 67.0.3396.99, webStorageEnabled: true}
Session ID: 31cdbedb9233f790a529afe09c0efe51
	at org.openqa.selenium.support.ui.WebDriverWait.timeoutException(WebDriverWait.java:81)
	at org.openqa.selenium.support.ui.FluentWait.until(FluentWait.java:271)
	at org.ieee.standards.utils.SeleniumWait.waitForElementToBeVisible(SeleniumWait.java:58)
	at org.ieee.standards.getpageobjects.GetPage.element(GetPage.java:79)
	at org.ieee.standards.getpageobjects.GetPage.element(GetPage.java:55)
	at org.ieee.standards.MyProject.keywords.AgendaTemplateActions.editExistingAgendaTemplate(AgendaTemplateActions.java:95)
	at org.ieee.standards.MyProject.tests.CreateMeetingTemplate.NesCom_AgendaTemplate_TC001_Create_Edit_Delete_Template.Step04_Edit_ExistingAgendaTemplate(NesCom_AgendaTemplate_TC001_Create_Edit_Delete_Template.java:44)
	at sun.reflect.NativeMethodAccessorImpl.invoke0(Native Method)
	at sun.reflect.NativeMethodAccessorImpl.invoke(Unknown Source)
	at sun.reflect.DelegatingMethodAccessorImpl.invoke(Unknown Source)
	at java.lang.reflect.Method.invoke(Unknown Source)
	at org.testng.internal.MethodInvocationHelper.invokeMethod(MethodInvocationHelper.java:86)
	at org.testng.internal.Invoker.invokeMethod(Invoker.java:643)
	at org.testng.internal.Invoker.invokeTestMethod(Invoker.java:820)
	at org.testng.internal.Invoker.invokeTestMethods(Invoker.java:1128)
	at org.testng.internal.TestMethodWorker.invokeTestMethods(TestMethodWorker.java:129)
	at org.testng.internal.TestMethodWorker.run(TestMethodWorker.java:112)
	at org.testng.TestRunner.privateRun(TestRunner.java:782)
	at org.testng.TestRunner.run(TestRunner.java:632)
	at org.testng.SuiteRunner.runTest(SuiteRunner.java:366)
	at org.testng.SuiteRunner.runSequentially(SuiteRunner.java:361)
	at org.testng.SuiteRunner.privateRun(SuiteRunner.java:319)
	at org.testng.SuiteRunner.run(SuiteRunner.java:268)
	at org.testng.SuiteRunnerWorker.runSuite(SuiteRunnerWorker.java:52)
	at org.testng.SuiteRunnerWorker.run(SuiteRunnerWorker.java:86)
	at org.testng.TestNG.runSuitesSequentially(TestNG.java:1244)
	at org.testng.TestNG.runSuitesLocally(TestNG.java:1169)
	at org.testng.TestNG.run(TestNG.java:1064)
	at org.testng.remote.AbstractRemoteTestNG.run(AbstractRemoteTestNG.java:114)
	at org.testng.remote.RemoteTestNG.initAndRun(RemoteTestNG.java:251)
	at org.testng.remote.RemoteTestNG.main(RemoteTestNG.java:77)
]]>
    </error>
  </testcase> <!-- Step04_Edit_ExistingAgendaTemplate -->
  <testcase name="Step01_Verify_User_Is_In_HomePage" time="5.349" classname="org.ieee.standards.MyProject.tests.CreateMeetingTemplate.NesCom_AgendaTemplate_TC001_Create_Edit_Delete_Template"/>
</testsuite> <!-- org.ieee.standards.MyProject.tests.CreateMeetingTemplate.NesCom_AgendaTemplate_TC001_Create_Edit_Delete_Template -->
